<?xml version="1.0" encoding="UTF-8"?>
<!-- Generated by org.testng.reporters.JUnitReportReporter -->
<testsuite hostname="WIN-20130928RCD" name="test001.Test126mail" tests="1" failures="0" timestamp="13 Feb 2017 15:33:42 GMT" time="19.422" errors="0">
  <testcase name="start" time="19.422" classname="test001.Test126mail"/>
</testsuite> <!-- test001.Test126mail -->
